2020-08-19 08:43:53,118 INFO org.springframework.boot.StartupInfoLogger [main] Starting TemplateApplication on DESKTOP-N8BSJC6 with PID 2268 (C:\dev\miniProgram\backend\template\target\classes started by JSZJZ in C:\dev\miniProgram\backend\template)
2020-08-19 08:43:53,120 INFO org.springframework.boot.SpringApplication [main] No active profile set, falling back to default profiles: default
2020-08-19 08:43:53,867 INFO org.springframework.data.repository.config.RepositoryConfigurationDelegate [main] Multiple Spring Data modules found, entering strict repository configuration mode!
2020-08-19 08:43:53,868 INFO org.springframework.data.repository.config.RepositoryConfigurationDelegate [main] Bootstrapping Spring Data JDBC repositories in DEFAULT mode.
2020-08-19 08:43:53,886 INFO org.springframework.data.repository.config.RepositoryConfigurationDelegate [main] Finished Spring Data repository scanning in 15ms. Found 0 JDBC repository interfaces.
2020-08-19 08:43:53,897 INFO org.springframework.data.repository.config.RepositoryConfigurationDelegate [main] Multiple Spring Data modules found, entering strict repository configuration mode!
2020-08-19 08:43:53,898 INFO org.springframework.data.repository.config.RepositoryConfigurationDelegate [main] Bootstrapping Spring Data Redis repositories in DEFAULT mode.
2020-08-19 08:43:53,910 INFO org.springframework.data.repository.config.RepositoryConfigurationDelegate [main] Finished Spring Data repository scanning in 4ms. Found 0 Redis repository interfaces.
2020-08-19 08:43:54,000 WARN org.mybatis.logging.Logger [main] Skipping MapperFactoryBean with name 'testMapper' and 'com.chinatelecom.template.server.mapper.TestMapper' mapperInterface. Bean already defined with the same name!
2020-08-19 08:43:54,000 WARN org.mybatis.logging.Logger [main] Skipping MapperFactoryBean with name 'weappMapper' and 'com.chinatelecom.template.server.mapper.WeappMapper' mapperInterface. Bean already defined with the same name!
2020-08-19 08:43:54,001 WARN org.mybatis.logging.Logger [main] No MyBatis mapper was found in '[com.chinatelecom.template.server.mapper]' package. Please check your configuration.
2020-08-19 08:43:54,363 INFO org.springframework.boot.web.embedded.tomcat.TomcatWebServer [main] Tomcat initialized with port(s): 8080 (http)
2020-08-19 08:43:54,371 INFO org.apache.juli.logging.DirectJDKLog [main] Initializing ProtocolHandler ["http-nio-8080"]
2020-08-19 08:43:54,371 INFO org.apache.juli.logging.DirectJDKLog [main] Starting service [Tomcat]
2020-08-19 08:43:54,371 INFO org.apache.juli.logging.DirectJDKLog [main] Starting Servlet engine: [Apache Tomcat/9.0.36]
2020-08-19 08:43:54,469 INFO org.apache.juli.logging.DirectJDKLog [main] Initializing Spring embedded WebApplicationContext
2020-08-19 08:43:54,469 INFO org.springframework.boot.web.servlet.context.ServletWebServerApplicationContext [main] Root WebApplicationContext: initialization completed in 1309 ms
2020-08-19 08:43:54,693 INFO org.springframework.beans.factory.annotation.AutowiredAnnotationBeanPostProcessor [main] Autowired annotation is not supported on static fields: private static java.lang.String com.chinatelecom.template.utils.WxUtils.appid
2020-08-19 08:43:54,693 INFO org.springframework.beans.factory.annotation.AutowiredAnnotationBeanPostProcessor [main] Autowired annotation is not supported on static fields: private static java.lang.String com.chinatelecom.template.utils.WxUtils.secret
2020-08-19 08:43:55,021 INFO org.springframework.scheduling.concurrent.ExecutorConfigurationSupport [main] Initializing ExecutorService 'applicationTaskExecutor'
2020-08-19 08:43:55,333 INFO com.zaxxer.hikari.HikariDataSource [main] HikariPool-1 - Starting...
2020-08-19 08:43:55,664 INFO com.zaxxer.hikari.HikariDataSource [main] HikariPool-1 - Start completed.
2020-08-19 08:43:55,821 WARN org.springframework.boot.autoconfigure.freemarker.FreeMarkerAutoConfiguration [main] Cannot find template location(s): [classpath:/templates/] (please add some templates, check your FreeMarker configuration, or set spring.freemarker.checkTemplateLocation=false)
2020-08-19 08:43:55,852 INFO org.apache.juli.logging.DirectJDKLog [main] Starting ProtocolHandler ["http-nio-8080"]
2020-08-19 08:43:55,868 INFO org.springframework.boot.web.embedded.tomcat.TomcatWebServer [main] Tomcat started on port(s): 8080 (http) with context path ''
2020-08-19 08:43:55,868 INFO springfox.documentation.spring.web.plugins.DocumentationPluginsBootstrapper [main] Context refreshed
2020-08-19 08:43:55,883 INFO springfox.documentation.spring.web.plugins.DocumentationPluginsBootstrapper [main] Found 1 custom documentation plugin(s)
2020-08-19 08:43:55,883 INFO springfox.documentation.spring.web.scanners.ApiListingReferenceScanner [main] Scanning for api listing references
2020-08-19 08:43:56,039 INFO org.springframework.boot.StartupInfoLogger [main] Started TemplateApplication in 3.264 seconds (JVM running for 4.945)
2020-08-19 10:22:31,824 INFO org.springframework.scheduling.concurrent.ExecutorConfigurationSupport [SpringContextShutdownHook] Shutting down ExecutorService 'applicationTaskExecutor'
2020-08-19 10:22:31,824 INFO com.zaxxer.hikari.HikariDataSource [SpringContextShutdownHook] HikariPool-1 - Shutdown initiated...
2020-08-19 10:22:31,839 INFO com.zaxxer.hikari.HikariDataSource [SpringContextShutdownHook] HikariPool-1 - Shutdown completed.
